#
# A fatal error has been detected by the Java Runtime Environment:
#
#  EXCEPTION_ACCESS_VIOLATION (0xc0000005) at pc=0x00007ffc56d00ca6, pid=24280, tid=9924
#
# JRE version: OpenJDK Runtime Environment Temurin-17.0.13+11 (17.0.13+11) (build 17.0.13+11)
# Java VM: OpenJDK 64-Bit Server VM Temurin-17.0.13+11 (17.0.13+11, mixed mode, tiered, compressed oops, compressed class ptrs, g1 gc, windows-amd64)
# Problematic frame:
# C  [nvoglv64.dll+0x1450ca6]
#
# No core dump will be written. Minidumps are not enabled by default on client versions of Windows
#
# If you would like to submit a bug report, please visit:
#   https://github.com/adoptium/adoptium-support/issues
# The crash happened outside the Java Virtual Machine in native code.
# See problematic frame for where to report the bug.
#

---------------  S U M M A R Y ------------

Command Line: -XX:+ShowCodeDetailsInExceptionMessages com.example.Main

Host: 13th Gen Intel(R) Core(TM) i7-13700KF, 24 cores, 63G,  Windows 11 , 64 bit Build 22621 (10.0.22621.3958)
Time: Fri Nov  1 10:05:53 2024 GMT Standard Time elapsed time: 0.420328 seconds (0d 0h 0m 0s)

---------------  T H R E A D  ---------------

Current thread (0x0000024a9484e790):  JavaThread "main" [_thread_in_native, id=9924, stack(0x000000f308900000,0x000000f308a00000)]

Stack: [0x000000f308900000,0x000000f308a00000],  sp=0x000000f3089ff408,  free space=1021k
Native frames: (J=compiled Java code, j=interpreted, Vv=VM code, C=native code)
C  [nvoglv64.dll+0x1450ca6]

Java frames: (J=compiled Java code, j=interpreted, Vv=VM code)
j  org.lwjgl.opengl.GL11C.nglDrawElements(IIIJ)V+0
j  org.lwjgl.opengl.GL11C.glDrawElements(IIIJ)V+4
j  org.lwjgl.opengl.GL11.glDrawElements(IIIJ)V+4
j  com.example.Main.DrawStuff()V+97
j  com.example.Main.loop()V+8
j  com.example.Main.run()V+89
j  com.example.Main.main([Ljava/lang/String;)V+7
v  ~StubRoutines::call_stub

siginfo: EXCEPTION_ACCESS_VIOLATION (0xc0000005), reading address 0x0000000000000000


Registers:
RAX=0x0000024ad80db06c, RBX=0x0000024ad80db050, RCX=0x0000024ad80db06c, RDX=0x0000000000000000
RSP=0x000000f3089ff408, RBP=0x0000000000000044, RSI=0x0000000000000006, RDI=0x0000024ada124080
R8 =0x0000000000000018, R9 =0x0000000000000000, R10=0x00007ffc558b0000, R11=0x0000000000000006
R12=0x0000000000000004, R13=0x0000000000001405, R14=0x0000000000000018, R15=0x0000000000000000
RIP=0x00007ffc56d00ca6, EFLAGS=0x0000000000010283


Register to memory mapping:

RIP=0x00007ffc56d00ca6 nvoglv64.dll
RAX=0x0000024ad80db06c points into unknown readable memory: 00 00 00 00
RBX=0x0000024ad80db050 points into unknown readable memory: 0x0000000400022006 | 06 20 02 00 04 00 00 00
RCX=0x0000024ad80db06c points into unknown readable memory: 00 00 00 00
RDX=0x0 is NULL
RSP=0x000000f3089ff408 is pointing into the stack for thread: 0x0000024a9484e790
RBP=0x0000000000000044 is an unknown value
RSI=0x0000000000000006 is an unknown value
RDI=0x0000024ada124080 points into unknown readable memory: 0x0000000000000000 | 00 00 00 00 00 00 00 00
R8 =0x0000000000000018 is an unknown value
R9 =0x0 is NULL
R10=0x00007ffc558b0000 nvoglv64.dll
R11=0x0000000000000006 is an unknown value
R12=0x0000000000000004 is an unknown value
R13=0x0000000000001405 is an unknown value
R14=0x0000000000000018 is an unknown value
R15=0x0 is NULL


Top of Stack: (sp=0x000000f3089ff408)
0x000000f3089ff408:   00007ffc55dd7c5d 000000f3089ff528
0x000000f3089ff418:   00007ffbfe584742 000000f3089ff440
0x000000f3089ff428:   0000024aa0b9b98e 000000000017555d
0x000000f3089ff438:   0000024a9484e790 0000024ad3aff598
0x000000f3089ff448:   0000024a9484e790 0000024aa0b79520
0x000000f3089ff458:   0000024aa0b7d54e 0000024a9484e790
0x000000f3089ff468:   0000024ad3aff598 0000000000000000
0x000000f3089ff478:   0000024aa0b79520 0000000000000003
0x000000f3089ff488:   0000024aa0b7d6e1 000000f3089ff528
0x000000f3089ff498:   000000f3089ff400 000000f3089ff568
0x000000f3089ff4a8:   0000024ad3aff598 0000024a00001405
0x000000f3089ff4b8:   0000000000000000 3ff0000000000000
0x000000f3089ff4c8:   0000024a9484e790 0000000000000003
0x000000f3089ff4d8:   0000024aa0b7d3b6 000000f3089ff4e0
0x000000f3089ff4e8:   0000024ad3aff598 000000f3089ff568
0x000000f3089ff4f8:   0000024ad3b09c08 0000000000000000
0x000000f3089ff508:   0000000440d38670 0000024ad3aff598
0x000000f3089ff518:   0000000000000000 000000f3089ff548
0x000000f3089ff528:   000000f3089ff5b8 0000024aa0b79520
0x000000f3089ff538:   0000000440d38670 0000024aa0b7aff8
0x000000f3089ff548:   0000000000000000 0000000000000000
0x000000f3089ff558:   0000000000001405 0000000000000006
0x000000f3089ff568:   0000000000000004 000000f3089ff570
0x000000f3089ff578:   0000024ad3aff634 000000f3089ff5e8
0x000000f3089ff588:   0000024ad3b09c08 0000000000000000
0x000000f3089ff598:   0000000440d38670 0000024ad3aff678
0x000000f3089ff5a8:   000000f3089ff548 000000f3089ff5c8
0x000000f3089ff5b8:   000000f3089ff638 0000024aa0b79520
0x000000f3089ff5c8:   0000000000000000 0000000000000000
0x000000f3089ff5d8:   0000000000001405 0000000000000006
0x000000f3089ff5e8:   0000000000000004 000000f3089ff5f0
0x000000f3089ff5f8:   0000024ad3ad28c4 000000f3089ff668 

Instructions: (pc=0x00007ffc56d00ca6)
0x00007ffc56d00ba6:   1a 02 4d 03 ca 41 ff e1 c3 90 4c 8b 02 8b 4a 08
0x00007ffc56d00bb6:   44 0f b7 4a 0c 44 0f b6 52 0e 4c 89 00 89 48 08
0x00007ffc56d00bc6:   66 44 89 48 0c 44 88 50 0e c3 4c 8b 02 0f b7 4a
0x00007ffc56d00bd6:   08 44 0f b6 4a 0a 4c 89 00 66 89 48 08 44 88 48
0x00007ffc56d00be6:   0a c3 0f b7 0a 66 89 08 c3 90 8b 0a 44 0f b7 42
0x00007ffc56d00bf6:   04 44 0f b6 4a 06 89 08 66 44 89 40 04 44 88 48
0x00007ffc56d00c06:   06 c3 4c 8b 02 8b 4a 08 44 0f b7 4a 0c 4c 89 00
0x00007ffc56d00c16:   89 48 08 66 44 89 48 0c c3 0f b7 0a 44 0f b6 42
0x00007ffc56d00c26:   02 66 89 08 44 88 40 02 c3 90 4c 8b 02 8b 4a 08
0x00007ffc56d00c36:   44 0f b6 4a 0c 4c 89 00 89 48 08 44 88 48 0c c3
0x00007ffc56d00c46:   4c 8b 02 0f b7 4a 08 4c 89 00 66 89 48 08 c3 4c
0x00007ffc56d00c56:   8b 02 0f b6 4a 08 4c 89 00 88 48 08 c3 4c 8b 02
0x00007ffc56d00c66:   8b 4a 08 4c 89 00 89 48 08 c3 8b 0a 44 0f b7 42
0x00007ffc56d00c76:   04 89 08 66 44 89 40 04 c3 8b 0a 44 0f b6 42 04
0x00007ffc56d00c86:   89 08 44 88 40 04 c3 48 8b 0a 48 89 08 c3 0f b6
0x00007ffc56d00c96:   0a 88 08 c3 8b 0a 89 08 c3 90 49 83 f8 20 77 17
0x00007ffc56d00ca6:   f3 0f 6f 0a f3 42 0f 6f 54 02 f0 f3 0f 7f 09 f3
0x00007ffc56d00cb6:   42 0f 7f 54 01 f0 c3 4e 8d 0c 02 48 3b ca 4c 0f
0x00007ffc56d00cc6:   46 c9 49 3b c9 0f 82 3f 04 00 00 83 3d 88 f5 f4
0x00007ffc56d00cd6:   00 03 0f 82 e2 02 00 00 49 81 f8 00 20 00 00 76
0x00007ffc56d00ce6:   16 49 81 f8 00 00 18 00 77 0d f6 05 25 5e 05 01
0x00007ffc56d00cf6:   02 0f 85 73 fe ff ff c5 fe 6f 02 c4 a1 7e 6f 6c
0x00007ffc56d00d06:   02 e0 49 81 f8 00 01 00 00 0f 86 c3 00 00 00 4c
0x00007ffc56d00d16:   8b c9 49 83 e1 1f 49 83 e9 20 49 2b c9 49 2b d1
0x00007ffc56d00d26:   4d 03 c1 49 81 f8 00 01 00 00 0f 86 a2 00 00 00
0x00007ffc56d00d36:   49 81 f8 00 00 18 00 0f 87 3d 01 00 00 66 66 66
0x00007ffc56d00d46:   66 66 0f 1f 84 00 00 00 00 00 c5 fe 6f 0a c5 fe
0x00007ffc56d00d56:   6f 52 20 c5 fe 6f 5a 40 c5 fe 6f 62 60 c5 fd 7f
0x00007ffc56d00d66:   09 c5 fd 7f 51 20 c5 fd 7f 59 40 c5 fd 7f 61 60
0x00007ffc56d00d76:   c5 fe 6f 8a 80 00 00 00 c5 fe 6f 92 a0 00 00 00
0x00007ffc56d00d86:   c5 fe 6f 9a c0 00 00 00 c5 fe 6f a2 e0 00 00 00
0x00007ffc56d00d96:   c5 fd 7f 89 80 00 00 00 c5 fd 7f 91 a0 00 00 00 


Stack slot to memory mapping:
stack at sp + 0 slots: 0x00007ffc55dd7c5d nvoglv64.dll
stack at sp + 1 slots: 0x000000f3089ff528 is pointing into the stack for thread: 0x0000024a9484e790
stack at sp + 2 slots: 0x00007ffbfe584742 jvm.dll
stack at sp + 3 slots: 0x000000f3089ff440 is pointing into the stack for thread: 0x0000024a9484e790
stack at sp + 4 slots: 0x0000024aa0b9b98e is at code_begin+3982 in 
[CodeBlob (0x0000024aa0b9a990)]
Framesize: 0
BufferBlob (0x0000024aa0b9a990) used for native signature handlers
stack at sp + 5 slots: 0x000000000017555d is an unknown value
stack at sp + 6 slots: 0x0000024a9484e790 is a thread
stack at sp + 7 slots: {method} {0x0000024ad3aff5a0} 'nglDrawElements' '(IIIJ)V' in 'org/lwjgl/opengl/GL11C'


---------------  P R O C E S S  ---------------

Threads class SMR info:
_java_thread_list=0x0000024ad707cc20, length=17, elements={
0x0000024a9484e790, 0x0000024ad2c2b010, 0x0000024ad2c165b0, 0x0000024ad2c58340,
0x0000024ad2c59d20, 0x0000024ad2c5c600, 0x0000024ad2c5dee0, 0x0000024ad2c62af0,
0x0000024ad2c6edd0, 0x0000024ad2c73700, 0x0000024ad2de06b0, 0x0000024ad7020090,
0x0000024ad70215c0, 0x0000024ad7055640, 0x0000024ad7052490, 0x0000024ad72063a0,
0x0000024ad7241090
}

Java Threads: ( => current thread )
=>0x0000024a9484e790 JavaThread "main" [_thread_in_native, id=9924, stack(0x000000f308900000,0x000000f308a00000)]
  0x0000024ad2c2b010 JavaThread "Reference Handler" daemon [_thread_blocked, id=16700, stack(0x000000f309000000,0x000000f309100000)]
  0x0000024ad2c165b0 JavaThread "Finalizer" daemon [_thread_blocked, id=2560, stack(0x000000f309100000,0x000000f309200000)]
  0x0000024ad2c58340 JavaThread "Signal Dispatcher" daemon [_thread_blocked, id=4388, stack(0x000000f309200000,0x000000f309300000)]
  0x0000024ad2c59d20 JavaThread "Attach Listener" daemon [_thread_blocked, id=12000, stack(0x000000f309300000,0x000000f309400000)]
  0x0000024ad2c5c600 JavaThread "Service Thread" daemon [_thread_blocked, id=24412, stack(0x000000f309400000,0x000000f309500000)]
  0x0000024ad2c5dee0 JavaThread "Monitor Deflation Thread" daemon [_thread_blocked, id=18352, stack(0x000000f309500000,0x000000f309600000)]
  0x0000024ad2c62af0 JavaThread "C2 CompilerThread0" daemon [_thread_blocked, id=27164, stack(0x000000f309600000,0x000000f309700000)]
  0x0000024ad2c6edd0 JavaThread "C1 CompilerThread0" daemon [_thread_blocked, id=6476, stack(0x000000f309700000,0x000000f309800000)]
  0x0000024ad2c73700 JavaThread "Sweeper thread" daemon [_thread_blocked, id=2308, stack(0x000000f309800000,0x000000f309900000)]
  0x0000024ad2de06b0 JavaThread "C1 CompilerThread1" daemon [_thread_blocked, id=25168, stack(0x000000f309900000,0x000000f309a00000)]
  0x0000024ad7020090 JavaThread "C1 CompilerThread2" daemon [_thread_blocked, id=24740, stack(0x000000f309a00000,0x000000f309b00000)]
  0x0000024ad70215c0 JavaThread "C1 CompilerThread3" daemon [_thread_blocked, id=16992, stack(0x000000f309b00000,0x000000f309c00000)]
  0x0000024ad7055640 JavaThread "Notification Thread" daemon [_thread_blocked, id=21540, stack(0x000000f309c00000,0x000000f309d00000)]
  0x0000024ad7052490 JavaThread "Common-Cleaner" daemon [_thread_blocked, id=18188, stack(0x000000f309e00000,0x000000f309f00000)]
  0x0000024ad72063a0 JavaThread "C2 CompilerThread1" daemon [_thread_blocked, id=5352, stack(0x000000f309f00000,0x000000f30a000000)]
  0x0000024ad7241090 JavaThread "C2 CompilerThread2" daemon [_thread_blocked, id=8876, stack(0x000000f30a000000,0x000000f30a100000)]

Other Threads:
  0x0000024ad2bf9210 VMThread "VM Thread" [stack: 0x000000f308f00000,0x000000f309000000] [id=11152]
  0x0000024ad2deec20 WatcherThread [stack: 0x000000f309d00000,0x000000f309e00000] [id=24444]
  0x0000024aa9570ca0 GCTaskThread "GC Thread#0" [stack: 0x000000f308a00000,0x000000f308b00000] [id=4224]
  0x0000024a96b3c600 ConcurrentGCThread "G1 Main Marker" [stack: 0x000000f308b00000,0x000000f308c00000] [id=14076]
  0x0000024a96b3db90 ConcurrentGCThread "G1 Conc#0" [stack: 0x000000f308c00000,0x000000f308d00000] [id=8644]
  0x0000024aa96ed030 ConcurrentGCThread "G1 Refine#0" [stack: 0x000000f308d00000,0x000000f308e00000] [id=9268]
  0x0000024aa96edb80 ConcurrentGCThread "G1 Service" [stack: 0x000000f308e00000,0x000000f308f00000] [id=23688]

Threads with active compile tasks:

VM state: not at safepoint (normal execution)

VM Mutex/Monitor currently owned by a thread: None

Heap address: 0x0000000402000000, size: 16352 MB, Compressed Oops mode: Zero based, Oop shift amount: 3

CDS archive(s) not mapped
Compressed class space mapped at: 0x0000000800000000-0x0000000840000000, reserved size: 1073741824
Narrow klass base: 0x0000000800000000, Narrow klass shift: 0, Narrow klass range: 0x40000000

GC Precious Log:
 CPUs: 24 total, 24 available
 Memory: 65384M
 Large Page Support: Disabled
 NUMA Support: Disabled
 Compressed Oops: Enabled (Zero based)
 Heap Region Size: 8M
 Heap Min Capacity: 8M
 Heap Initial Capacity: 1G
 Heap Max Capacity: 16352M
 Pre-touch: Disabled
 Parallel Workers: 18
 Concurrent Workers: 5
 Concurrent Refinement Workers: 18
 Periodic GC: Disabled

Heap:
 garbage-first heap   total 1048576K, used 16384K [0x0000000402000000, 0x0000000800000000)
  region size 8192K, 3 young (24576K), 0 survivors (0K)
 Metaspace       used 12194K, committed 12416K, reserved 1114112K
  class space    used 906K, committed 1024K, reserved 1048576K

Heap Regions: E=young(eden), S=young(survivor), O=old, HS=humongous(starts), HC=humongous(continues), CS=collection set, F=free, OA=open archive, CA=closed archive, TAMS=top-at-mark-start (previous, next)
|   0|0x0000000402000000, 0x0000000402000000, 0x0000000402800000|  0%| F|  |TAMS 0x0000000402000000, 0x0000000402000000| Untracked 
|   1|0x0000000402800000, 0x0000000402800000, 0x0000000403000000|  0%| F|  |TAMS 0x0000000402800000, 0x0000000402800000| Untracked 
|   2|0x0000000403000000, 0x0000000403000000, 0x0000000403800000|  0%| F|  |TAMS 0x0000000403000000, 0x0000000403000000| Untracked 
|   3|0x0000000403800000, 0x0000000403800000, 0x0000000404000000|  0%| F|  |TAMS 0x0000000403800000, 0x0000000403800000| Untracked 
|   4|0x0000000404000000, 0x0000000404000000, 0x0000000404800000|  0%| F|  |TAMS 0x0000000404000000, 0x0000000404000000| Untracked 
|   5|0x0000000404800000, 0x0000000404800000, 0x0000000405000000|  0%| F|  |TAMS 0x0000000404800000, 0x0000000404800000| Untracked 
|   6|0x0000000405000000, 0x0000000405000000, 0x0000000405800000|  0%| F|  |TAMS 0x0000000405000000, 0x0000000405000000| Untracked 
|   7|0x0000000405800000, 0x0000000405800000, 0x0000000406000000|  0%| F|  |TAMS 0x0000000405800000, 0x0000000405800000| Untracked 
|   8|0x0000000406000000, 0x0000000406000000, 0x0000000406800000|  0%| F|  |TAMS 0x0000000406000000, 0x0000000406000000| Untracked 
|   9|0x0000000406800000, 0x0000000406800000, 0x0000000407000000|  0%| F|  |TAMS 0x0000000406800000, 0x0000000406800000| Untracked 
|  10|0x0000000407000000, 0x0000000407000000, 0x0000000407800000|  0%| F|  |TAMS 0x0000000407000000, 0x0000000407000000| Untracked 
|  11|0x0000000407800000, 0x0000000407800000, 0x0000000408000000|  0%| F|  |TAMS 0x0000000407800000, 0x0000000407800000| Untracked 
|  12|0x0000000408000000, 0x0000000408000000, 0x0000000408800000|  0%| F|  |TAMS 0x0000000408000000, 0x0000000408000000| Untracked 
|  13|0x0000000408800000, 0x0000000408800000, 0x0000000409000000|  0%| F|  |TAMS 0x0000000408800000, 0x0000000408800000| Untracked 
|  14|0x0000000409000000, 0x0000000409000000, 0x0000000409800000|  0%| F|  |TAMS 0x0000000409000000, 0x0000000409000000| Untracked 
|  15|0x0000000409800000, 0x0000000409800000, 0x000000040a000000|  0%| F|  |TAMS 0x0000000409800000, 0x0000000409800000| Untracked 
|  16|0x000000040a000000, 0x000000040a000000, 0x000000040a800000|  0%| F|  |TAMS 0x000000040a000000, 0x000000040a000000| Untracked 
|  17|0x000000040a800000, 0x000000040a800000, 0x000000040b000000|  0%| F|  |TAMS 0x000000040a800000, 0x000000040a800000| Untracked 
|  18|0x000000040b000000, 0x000000040b000000, 0x000000040b800000|  0%| F|  |TAMS 0x000000040b000000, 0x000000040b000000| Untracked 
|  19|0x000000040b800000, 0x000000040b800000, 0x000000040c000000|  0%| F|  |TAMS 0x000000040b800000, 0x000000040b800000| Untracked 
|  20|0x000000040c000000, 0x000000040c000000, 0x000000040c800000|  0%| F|  |TAMS 0x000000040c000000, 0x000000040c000000| Untracked 
|  21|0x000000040c800000, 0x000000040c800000, 0x000000040d000000|  0%| F|  |TAMS 0x000000040c800000, 0x000000040c800000| Untracked 
|  22|0x000000040d000000, 0x000000040d000000, 0x000000040d800000|  0%| F|  |TAMS 0x000000040d000000, 0x000000040d000000| Untracked 
|  23|0x000000040d800000, 0x000000040d800000, 0x000000040e000000|  0%| F|  |TAMS 0x000000040d800000, 0x000000040d800000| Untracked 
|  24|0x000000040e000000, 0x000000040e000000, 0x000000040e800000|  0%| F|  |TAMS 0x000000040e000000, 0x000000040e000000| Untracked 
|  25|0x000000040e800000, 0x000000040e800000, 0x000000040f000000|  0%| F|  |TAMS 0x000000040e800000, 0x000000040e800000| Untracked 
|  26|0x000000040f000000, 0x000000040f000000, 0x000000040f800000|  0%| F|  |TAMS 0x000000040f000000, 0x000000040f000000| Untracked 
|  27|0x000000040f800000, 0x000000040f800000, 0x0000000410000000|  0%| F|  |TAMS 0x000000040f800000, 0x000000040f800000| Untracked 
|  28|0x0000000410000000, 0x0000000410000000, 0x0000000410800000|  0%| F|  |TAMS 0x0000000410000000, 0x0000000410000000| Untracked 
|  29|0x0000000410800000, 0x0000000410800000, 0x0000000411000000|  0%| F|  |TAMS 0x0000000410800000, 0x0000000410800000| Untracked 
|  30|0x0000000411000000, 0x0000000411000000, 0x0000000411800000|  0%| F|  |TAMS 0x0000000411000000, 0x0000000411000000| Untracked 
|  31|0x0000000411800000, 0x0000000411800000, 0x0000000412000000|  0%| F|  |TAMS 0x0000000411800000, 0x0000000411800000| Untracked 
|  32|0x0000000412000000, 0x0000000412000000, 0x0000000412800000|  0%| F|  |TAMS 0x0000000412000000, 0x0000000412000000| Untracked 
|  33|0x0000000412800000, 0x0000000412800000, 0x0000000413000000|  0%| F|  |TAMS 0x0000000412800000, 0x0000000412800000| Untracked 
|  34|0x0000000413000000, 0x0000000413000000, 0x0000000413800000|  0%| F|  |TAMS 0x0000000413000000, 0x0000000413000000| Untracked 
|  35|0x0000000413800000, 0x0000000413800000, 0x0000000414000000|  0%| F|  |TAMS 0x0000000413800000, 0x0000000413800000| Untracked 
|  36|0x0000000414000000, 0x0000000414000000, 0x0000000414800000|  0%| F|  |TAMS 0x0000000414000000, 0x0000000414000000| Untracked 
|  37|0x0000000414800000, 0x0000000414800000, 0x0000000415000000|  0%| F|  |TAMS 0x0000000414800000, 0x0000000414800000| Untracked 
|  38|0x0000000415000000, 0x0000000415000000, 0x0000000415800000|  0%| F|  |TAMS 0x0000000415000000, 0x0000000415000000| Untracked 
|  39|0x0000000415800000, 0x0000000415800000, 0x0000000416000000|  0%| F|  |TAMS 0x0000000415800000, 0x0000000415800000| Untracked 
|  40|0x0000000416000000, 0x0000000416000000, 0x0000000416800000|  0%| F|  |TAMS 0x0000000416000000, 0x0000000416000000| Untracked 
|  41|0x0000000416800000, 0x0000000416800000, 0x0000000417000000|  0%| F|  |TAMS 0x0000000416800000, 0x0000000416800000| Untracked 
|  42|0x0000000417000000, 0x0000000417000000, 0x0000000417800000|  0%| F|  |TAMS 0x0000000417000000, 0x0000000417000000| Untracked 
|  43|0x0000000417800000, 0x0000000417800000, 0x0000000418000000|  0%| F|  |TAMS 0x0000000417800000, 0x0000000417800000| Untracked 
|  44|0x0000000418000000, 0x0000000418000000, 0x0000000418800000|  0%| F|  |TAMS 0x0000000418000000, 0x0000000418000000| Untracked 
|  45|0x0000000418800000, 0x0000000418800000, 0x0000000419000000|  0%| F|  |TAMS 0x0000000418800000, 0x0000000418800000| Untracked 
|  46|0x0000000419000000, 0x0000000419000000, 0x0000000419800000|  0%| F|  |TAMS 0x0000000419000000, 0x0000000419000000| Untracked 
|  47|0x0000000419800000, 0x0000000419800000, 0x000000041a000000|  0%| F|  |TAMS 0x0000000419800000, 0x0000000419800000| Untracked 
|  48|0x000000041a000000, 0x000000041a000000, 0x000000041a800000|  0%| F|  |TAMS 0x000000041a000000, 0x000000041a000000| Untracked 
|  49|0x000000041a800000, 0x000000041a800000, 0x000000041b000000|  0%| F|  |TAMS 0x000000041a800000, 0x000000041a800000| Untracked 
|  50|0x000000041b000000, 0x000000041b000000, 0x000000041b800000|  0%| F|  |TAMS 0x000000041b000000, 0x000000041b000000| Untracked 
|  51|0x000000041b800000, 0x000000041b800000, 0x000000041c000000|  0%| F|  |TAMS 0x000000041b800000, 0x000000041b800000| Untracked 
|  52|0x000000041c000000, 0x000000041c000000, 0x000000041c800000|  0%| F|  |TAMS 0x000000041c000000, 0x000000041c000000| Untracked 
|  53|0x000000041c800000, 0x000000041c800000, 0x000000041d000000|  0%| F|  |TAMS 0x000000041c800000, 0x000000041c800000| Untracked 
|  54|0x000000041d000000, 0x000000041d000000, 0x000000041d800000|  0%| F|  |TAMS 0x000000041d000000, 0x000000041d000000| Untracked 
|  55|0x000000041d800000, 0x000000041d800000, 0x000000041e000000|  0%| F|  |TAMS 0x000000041d800000, 0x000000041d800000| Untracked 
|  56|0x000000041e000000, 0x000000041e000000, 0x000000041e800000|  0%| F|  |TAMS 0x000000041e000000, 0x000000041e000000| Untracked 
|  57|0x000000041e800000, 0x000000041e800000, 0x000000041f000000|  0%| F|  |TAMS 0x000000041e800000, 0x000000041e800000| Untracked 
|  58|0x000000041f000000, 0x000000041f000000, 0x000000041f800000|  0%| F|  |TAMS 0x000000041f000000, 0x000000041f000000| Untracked 
|  59|0x000000041f800000, 0x000000041f800000, 0x0000000420000000|  0%| F|  |TAMS 0x000000041f800000, 0x000000041f800000| Untracked 
|  60|0x0000000420000000, 0x0000000420000000, 0x0000000420800000|  0%| F|  |TAMS 0x0000000420000000, 0x0000000420000000| Untracked 
|  61|0x0000000420800000, 0x0000000420800000, 0x0000000421000000|  0%| F|  |TAMS 0x0000000420800000, 0x0000000420800000| Untracked 
|  62|0x0000000421000000, 0x0000000421000000, 0x0000000421800000|  0%| F|  |TAMS 0x0000000421000000, 0x0000000421000000| Untracked 
|  63|0x0000000421800000, 0x0000000421800000, 0x0000000422000000|  0%| F|  |TAMS 0x0000000421800000, 0x0000000421800000| Untracked 
|  64|0x0000000422000000, 0x0000000422000000, 0x0000000422800000|  0%| F|  |TAMS 0x0000000422000000, 0x0000000422000000| Untracked 
|  65|0x0000000422800000, 0x0000000422800000, 0x0000000423000000|  0%| F|  |TAMS 0x0000000422800000, 0x0000000422800000| Untracked 
|  66|0x0000000423000000, 0x0000000423000000, 0x0000000423800000|  0%| F|  |TAMS 0x0000000423000000, 0x0000000423000000| Untracked 
|  67|0x0000000423800000, 0x0000000423800000, 0x0000000424000000|  0%| F|  |TAMS 0x0000000423800000, 0x0000000423800000| Untracked 
|  68|0x0000000424000000, 0x0000000424000000, 0x0000000424800000|  0%| F|  |TAMS 0x0000000424000000, 0x0000000424000000| Untracked 
|  69|0x0000000424800000, 0x0000000424800000, 0x0000000425000000|  0%| F|  |TAMS 0x0000000424800000, 0x0000000424800000| Untracked 
|  70|0x0000000425000000, 0x0000000425000000, 0x0000000425800000|  0%| F|  |TAMS 0x0000000425000000, 0x0000000425000000| Untracked 
|  71|0x0000000425800000, 0x0000000425800000, 0x0000000426000000|  0%| F|  |TAMS 0x0000000425800000, 0x0000000425800000| Untracked 
|  72|0x0000000426000000, 0x0000000426000000, 0x0000000426800000|  0%| F|  |TAMS 0x0000000426000000, 0x0000000426000000| Untracked 
|  73|0x0000000426800000, 0x0000000426800000, 0x0000000427000000|  0%| F|  |TAMS 0x0000000426800000, 0x0000000426800000| Untracked 
|  74|0x0000000427000000, 0x0000000427000000, 0x0000000427800000|  0%| F|  |TAMS 0x0000000427000000, 0x0000000427000000| Untracked 
|  75|0x0000000427800000, 0x0000000427800000, 0x0000000428000000|  0%| F|  |TAMS 0x0000000427800000, 0x0000000427800000| Untracked 
|  76|0x0000000428000000, 0x0000000428000000, 0x0000000428800000|  0%| F|  |TAMS 0x0000000428000000, 0x0000000428000000| Untracked 
|  77|0x0000000428800000, 0x0000000428800000, 0x0000000429000000|  0%| F|  |TAMS 0x0000000428800000, 0x0000000428800000| Untracked 
|  78|0x0000000429000000, 0x0000000429000000, 0x0000000429800000|  0%| F|  |TAMS 0x0000000429000000, 0x0000000429000000| Untracked 
|  79|0x0000000429800000, 0x0000000429800000, 0x000000042a000000|  0%| F|  |TAMS 0x0000000429800000, 0x0000000429800000| Untracked 
|  80|0x000000042a000000, 0x000000042a000000, 0x000000042a800000|  0%| F|  |TAMS 0x000000042a000000, 0x000000042a000000| Untracked 
|  81|0x000000042a800000, 0x000000042a800000, 0x000000042b000000|  0%| F|  |TAMS 0x000000042a800000, 0x000000042a800000| Untracked 
|  82|0x000000042b000000, 0x000000042b000000, 0x000000042b800000|  0%| F|  |TAMS 0x000000042b000000, 0x000000042b000000| Untracked 
|  83|0x000000042b800000, 0x000000042b800000, 0x000000042c000000|  0%| F|  |TAMS 0x000000042b800000, 0x000000042b800000| Untracked 
|  84|0x000000042c000000, 0x000000042c000000, 0x000000042c800000|  0%| F|  |TAMS 0x000000042c000000, 0x000000042c000000| Untracked 
|  85|0x000000042c800000, 0x000000042c800000, 0x000000042d000000|  0%| F|  |TAMS 0x000000042c800000, 0x000000042c800000| Untracked 
|  86|0x000000042d000000, 0x000000042d000000, 0x000000042d800000|  0%| F|  |TAMS 0x000000042d000000, 0x000000042d000000| Untracked 
|  87|0x000000042d800000, 0x000000042d800000, 0x000000042e000000|  0%| F|  |TAMS 0x000000042d800000, 0x000000042d800000| Untracked 
|  88|0x000000042e000000, 0x000000042e000000, 0x000000042e800000|  0%| F|  |TAMS 0x000000042e000000, 0x000000042e000000| Untracked 
|  89|0x000000042e800000, 0x000000042e800000, 0x000000042f000000|  0%| F|  |TAMS 0x000000042e800000, 0x000000042e800000| Untracked 
|  90|0x000000042f000000, 0x000000042f000000, 0x000000042f800000|  0%| F|  |TAMS 0x000000042f000000, 0x000000042f000000| Untracked 
|  91|0x000000042f800000, 0x000000042f800000, 0x0000000430000000|  0%| F|  |TAMS 0x000000042f800000, 0x000000042f800000| Untracked 
|  92|0x0000000430000000, 0x0000000430000000, 0x0000000430800000|  0%| F|  |TAMS 0x0000000430000000, 0x0000000430000000| Untracked 
|  93|0x0000000430800000, 0x0000000430800000, 0x0000000431000000|  0%| F|  |TAMS 0x0000000430800000, 0x0000000430800000| Untracked 
|  94|0x0000000431000000, 0x0000000431000000, 0x0000000431800000|  0%| F|  |TAMS 0x0000000431000000, 0x0000000431000000| Untracked 
|  95|0x0000000431800000, 0x0000000431800000, 0x0000000432000000|  0%| F|  |TAMS 0x0000000431800000, 0x0000000431800000| Untracked 
|  96|0x0000000432000000, 0x0000000432000000, 0x0000000432800000|  0%| F|  |TAMS 0x0000000432000000, 0x0000000432000000| Untracked 
|  97|0x0000000432800000, 0x0000000432800000, 0x0000000433000000|  0%| F|  |TAMS 0x0000000432800000, 0x0000000432800000| Untracked 
|  98|0x0000000433000000, 0x0000000433000000, 0x0000000433800000|  0%| F|  |TAMS 0x0000000433000000, 0x0000000433000000| Untracked 
|  99|0x0000000433800000, 0x0000000433800000, 0x0000000434000000|  0%| F|  |TAMS 0x0000000433800000, 0x0000000433800000| Untracked 
| 100|0x0000000434000000, 0x0000000434000000, 0x0000000434800000|  0%| F|  |TAMS 0x0000000434000000, 0x0000000434000000| Untracked 
| 101|0x0000000434800000, 0x0000000434800000, 0x0000000435000000|  0%| F|  |TAMS 0x0000000434800000, 0x0000000434800000| Untracked 
| 102|0x0000000435000000, 0x0000000435000000, 0x0000000435800000|  0%| F|  |TAMS 0x0000000435000000, 0x0000000435000000| Untracked 
| 103|0x0000000435800000, 0x0000000435800000, 0x0000000436000000|  0%| F|  |TAMS 0x0000000435800000, 0x0000000435800000| Untracked 
| 104|0x0000000436000000, 0x0000000436000000, 0x0000000436800000|  0%| F|  |TAMS 0x0000000436000000, 0x0000000436000000| Untracked 
| 105|0x0000000436800000, 0x0000000436800000, 0x0000000437000000|  0%| F|  |TAMS 0x0000000436800000, 0x0000000436800000| Untracked 
| 106|0x0000000437000000, 0x0000000437000000, 0x0000000437800000|  0%| F|  |TAMS 0x0000000437000000, 0x0000000437000000| Untracked 
| 107|0x0000000437800000, 0x0000000437800000, 0x0000000438000000|  0%| F|  |TAMS 0x0000000437800000, 0x0000000437800000| Untracked 
| 108|0x0000000438000000, 0x0000000438000000, 0x0000000438800000|  0%| F|  |TAMS 0x0000000438000000, 0x0000000438000000| Untracked 
| 109|0x0000000438800000, 0x0000000438800000, 0x0000000439000000|  0%| F|  |TAMS 0x0000000438800000, 0x0000000438800000| Untracked 
| 110|0x0000000439000000, 0x0000000439000000, 0x0000000439800000|  0%| F|  |TAMS 0x0000000439000000, 0x0000000439000000| Untracked 
| 111|0x0000000439800000, 0x0000000439800000, 0x000000043a000000|  0%| F|  |TAMS 0x0000000439800000, 0x0000000439800000| Untracked 
| 112|0x000000043a000000, 0x000000043a000000, 0x000000043a800000|  0%| F|  |TAMS 0x000000043a000000, 0x000000043a000000| Untracked 
| 113|0x000000043a800000, 0x000000043a800000, 0x000000043b000000|  0%| F|  |TAMS 0x000000043a800000, 0x000000043a800000| Untracked 
| 114|0x000000043b000000, 0x000000043b000000, 0x000000043b800000|  0%| F|  |TAMS 0x000000043b000000, 0x000000043b000000| Untracked 
| 115|0x000000043b800000, 0x000000043b800000, 0x000000043c000000|  0%| F|  |TAMS 0x000000043b800000, 0x000000043b800000| Untracked 
| 116|0x000000043c000000, 0x000000043c000000, 0x000000043c800000|  0%| F|  |TAMS 0x000000043c000000, 0x000000043c000000| Untracked 
| 117|0x000000043c800000, 0x000000043c800000, 0x000000043d000000|  0%| F|  |TAMS 0x000000043c800000, 0x000000043c800000| Untracked 
| 118|0x000000043d000000, 0x000000043d000000, 0x000000043d800000|  0%| F|  |TAMS 0x000000043d000000, 0x000000043d000000| Untracked 
| 119|0x000000043d800000, 0x000000043d800000, 0x000000043e000000|  0%| F|  |TAMS 0x000000043d800000, 0x000000043d800000| Untracked 
| 120|0x000000043e000000, 0x000000043e000000, 0x000000043e800000|  0%| F|  |TAMS 0x000000043e000000, 0x000000043e000000| Untracked 
| 121|0x000000043e800000, 0x000000043e800000, 0x000000043f000000|  0%| F|  |TAMS 0x000000043e800000, 0x000000043e800000| Untracked 
| 122|0x000000043f000000, 0x000000043f000000, 0x000000043f800000|  0%| F|  |TAMS 0x000000043f000000, 0x000000043f000000| Untracked 
| 123|0x000000043f800000, 0x000000043f800000, 0x0000000440000000|  0%| F|  |TAMS 0x000000043f800000, 0x000000043f800000| Untracked 
| 124|0x0000000440000000, 0x0000000440000000, 0x0000000440800000|  0%| F|  |TAMS 0x0000000440000000, 0x0000000440000000| Untracked 
| 125|0x0000000440800000, 0x0000000440ed1a30, 0x0000000441000000| 85%| E|  |TAMS 0x0000000440800000, 0x0000000440800000| Complete 
| 126|0x0000000441000000, 0x0000000441800000, 0x0000000441800000|100%| E|CS|TAMS 0x0000000441000000, 0x0000000441000000| Complete 
| 127|0x0000000441800000, 0x0000000442000000, 0x0000000442000000|100%| E|CS|TAMS 0x0000000441800000, 0x0000000441800000| Complete 

Card table byte_map: [0x0000024aab6e0000,0x0000024aad6d0000] _byte_map_base: 0x0000024aa96d0000

Marking Bits (Prev, Next): (CMBitMap*) 0x0000024a96b3bbb0, (CMBitMap*) 0x0000024a96b3bbf0
 Prev Bits: [0x0000024aaf6c0000, 0x0000024abf640000)
 Next Bits: [0x0000024abf640000, 0x0000024acf5c0000)

Polling page: 0x0000024a94a50000

Metaspace:

Usage:
  Non-class:     11.02 MB used.
      Class:    906.71 KB used.
       Both:     11.91 MB used.

Virtual space:
  Non-class space:       64.00 MB reserved,      11.12 MB ( 17%) committed,  1 nodes.
      Class space:        1.00 GB reserved,       1.00 MB ( <1%) committed,  1 nodes.
             Both:        1.06 GB reserved,      12.12 MB (  1%) committed. 

Chunk freelists:
   Non-Class:  4.48 MB
       Class:  14.98 MB
        Both:  19.47 MB

MaxMetaspaceSize: unlimited
CompressedClassSpaceSize: 1.00 GB
Initial GC threshold: 21.00 MB
Current GC threshold: 21.00 MB
CDS: off
MetaspaceReclaimPolicy: balanced
 - commit_granule_bytes: 65536.
 - commit_granule_words: 8192.
 - virtual_space_node_default_size: 8388608.
 - enlarge_chunks_in_place: 1.
 - new_chunks_are_fully_committed: 0.
 - uncommit_free_chunks: 1.
 - use_allocation_guard: 0.
 - handle_deallocations: 1.


Internal statistics:

num_allocs_failed_limit: 0.
num_arena_births: 66.
num_arena_deaths: 0.
num_vsnodes_births: 2.
num_vsnodes_deaths: 0.
num_space_committed: 192.
num_space_uncommitted: 0.
num_chunks_returned_to_freelist: 0.
num_chunks_taken_from_freelist: 239.
num_chunk_merges: 0.
num_chunk_splits: 168.
num_chunks_enlarged: 128.
num_inconsistent_stats: 0.

CodeHeap 'non-profiled nmethods': size=119168Kb used=322Kb max_used=322Kb free=118845Kb
 bounds [0x0000024aa12c0000, 0x0000024aa1530000, 0x0000024aa8720000]
CodeHeap 'profiled nmethods': size=119104Kb used=1689Kb max_used=1689Kb free=117414Kb
 bounds [0x0000024a99720000, 0x0000024a99990000, 0x0000024aa0b70000]
CodeHeap 'non-nmethods': size=7488Kb used=3360Kb max_used=3374Kb free=4127Kb
 bounds [0x0000024aa0b70000, 0x0000024aa0ec0000, 0x0000024aa12c0000]
 total_blobs=2087 nmethods=962 adapters=1035
 compilation: enabled
              stopped_count=0, restarted_count=0
 full_count=0

Compilation events (20 events):
Event: 0.412 Thread 0x0000024ad2c6edd0  952       3       jdk.internal.ref.PhantomCleanable::clean (16 bytes)
Event: 0.412 Thread 0x0000024ad70215c0  953       3       jdk.internal.ref.CleanerImpl$PhantomCleanableRef::performCleanup (10 bytes)
Event: 0.412 Thread 0x0000024ad70215c0 nmethod 953 0x0000024a998c2090 code [0x0000024a998c2240, 0x0000024a998c2428]
Event: 0.412 Thread 0x0000024ad2c6edd0 nmethod 952 0x0000024a998c2510 code [0x0000024a998c26e0, 0x0000024a998c29a8]
Event: 0.412 Thread 0x0000024ad2c6edd0  954       3       sun.invoke.util.VerifyAccess::isSamePackage (37 bytes)
Event: 0.412 Thread 0x0000024ad2c6edd0 nmethod 954 0x0000024a998c2a90 code [0x0000024a998c2da0, 0x0000024a998c41b8]
Event: 0.413 Thread 0x0000024ad2de06b0  956       3       java.security.CodeSource::getCertificates (98 bytes)
Event: 0.413 Thread 0x0000024ad2de06b0 nmethod 956 0x0000024a998c4790 code [0x0000024a998c4a00, 0x0000024a998c55b8]
Event: 0.414 Thread 0x0000024ad7020090  957       3       jdk.internal.access.SharedSecrets::javaUtilJarAccess (19 bytes)
Event: 0.414 Thread 0x0000024ad70215c0  958  s    3       jdk.internal.loader.Resource::cachedInputStream (20 bytes)
Event: 0.415 Thread 0x0000024ad70215c0 nmethod 958 0x0000024a998c5890 code [0x0000024a998c5a40, 0x0000024a998c5d68]
Event: 0.415 Thread 0x0000024ad7020090 nmethod 957 0x0000024a998c5e10 code [0x0000024a998c6000, 0x0000024a998c63a8]
Event: 0.415 Thread 0x0000024ad72063a0  959       4       sun.misc.Unsafe::getLong (9 bytes)
Event: 0.415 Thread 0x0000024ad72063a0 nmethod 959 0x0000024aa130fe90 code [0x0000024aa1310000, 0x0000024aa1310078]
Event: 0.416 Thread 0x0000024ad7020090  960       1       java.util.jar.Manifest::getEntries (5 bytes)
Event: 0.416 Thread 0x0000024ad70215c0  961       1       java.util.jar.Manifest::getMainAttributes (5 bytes)
Event: 0.416 Thread 0x0000024ad7020090 nmethod 960 0x0000024aa1310190 code [0x0000024aa1310320, 0x0000024aa13103f8]
Event: 0.416 Thread 0x0000024ad70215c0 nmethod 961 0x0000024aa1310490 code [0x0000024aa1310620, 0x0000024aa13106f8]
Event: 0.416 Thread 0x0000024ad2c6edd0  962       1       java.util.zip.ZipEntry::getCrc (5 bytes)
Event: 0.416 Thread 0x0000024ad2c6edd0 nmethod 962 0x0000024aa1310790 code [0x0000024aa1310920, 0x0000024aa13109f8]

GC Heap History (0 events):
No events

Dll operation events (8 events):
Event: 0.003 Loaded shared library C:\Users\andy\.vscode\extensions\redhat.java-1.36.0-win32-x64\jre\17.0.13-win32-x86_64\bin\java.dll
Event: 0.066 Loaded shared library C:\Users\andy\.vscode\extensions\redhat.java-1.36.0-win32-x64\jre\17.0.13-win32-x86_64\bin\net.dll
Event: 0.067 Loaded shared library C:\Users\andy\.vscode\extensions\redhat.java-1.36.0-win32-x64\jre\17.0.13-win32-x86_64\bin\nio.dll
Event: 0.070 Loaded shared library C:\Users\andy\.vscode\extensions\redhat.java-1.36.0-win32-x64\jre\17.0.13-win32-x86_64\bin\zip.dll
Event: 0.108 Loaded shared library C:\Users\andy\.vscode\extensions\redhat.java-1.36.0-win32-x64\jre\17.0.13-win32-x86_64\bin\verify.dll
Event: 0.135 Loaded shared library C:\Users\andy\.vscode\extensions\redhat.java-1.36.0-win32-x64\jre\17.0.13-win32-x86_64\bin\jimage.dll
Event: 0.145 Loaded shared library C:\Users\andy\AppData\Local\Temp\lwjgl_andy\3.3.4+7\x64\lwjgl.dll
Event: 0.316 Loaded shared library C:\Users\andy\AppData\Local\Temp\lwjgl_andy\3.3.4+7\x64\lwjgl_opengl.dll

Deoptimization events (20 events):
Event: 0.188 Thread 0x0000024a9484e790 Uncommon trap: trap_request=0xffffff6e fr.pc=0x0000024aa12f61c4 relative=0x0000000000000424
Event: 0.188 Thread 0x0000024a9484e790 Uncommon trap: reason=loop_limit_check action=maybe_recompile pc=0x0000024aa12f61c4 method=java.lang.StringLatin1.indexOf([BI[BII)I @ 37 c2
Event: 0.188 Thread 0x0000024a9484e790 DEOPT PACKING pc=0x0000024aa12f61c4 sp=0x000000f3089fe4d0
Event: 0.188 Thread 0x0000024a9484e790 DEOPT UNPACKING pc=0x0000024aa0bc69a3 sp=0x000000f3089fe430 mode 2
Event: 0.319 Thread 0x0000024a9484e790 Uncommon trap: trap_request=0xffffff54 fr.pc=0x0000024aa12fece0 relative=0x0000000000000060
Event: 0.319 Thread 0x0000024a9484e790 Uncommon trap: reason=speculate_null_assert action=make_not_entrant pc=0x0000024aa12fece0 method=sun.misc.Unsafe.putLong(Ljava/lang/Object;JJ)V @ 7 c2
Event: 0.319 Thread 0x0000024a9484e790 DEOPT PACKING pc=0x0000024aa12fece0 sp=0x000000f3089ff250
Event: 0.319 Thread 0x0000024a9484e790 DEOPT UNPACKING pc=0x0000024aa0bc69a3 sp=0x000000f3089ff1c8 mode 2
Event: 0.360 Thread 0x0000024a9484e790 Uncommon trap: trap_request=0xffffff45 fr.pc=0x0000024aa12eecf4 relative=0x0000000000000074
Event: 0.360 Thread 0x0000024a9484e790 Uncommon trap: reason=unstable_if action=reinterpret pc=0x0000024aa12eecf4 method=jdk.internal.misc.Unsafe.convEndian(ZI)I @ 4 c2
Event: 0.360 Thread 0x0000024a9484e790 DEOPT PACKING pc=0x0000024aa12eecf4 sp=0x000000f3089fc430
Event: 0.360 Thread 0x0000024a9484e790 DEOPT UNPACKING pc=0x0000024aa0bc69a3 sp=0x000000f3089fc360 mode 2
Event: 0.367 Thread 0x0000024a9484e790 Uncommon trap: trap_request=0xffffff45 fr.pc=0x0000024aa12f7c78 relative=0x00000000000003d8
Event: 0.367 Thread 0x0000024a9484e790 Uncommon trap: reason=unstable_if action=reinterpret pc=0x0000024aa12f7c78 method=java.lang.StringLatin1.newString([BII)Ljava/lang/String; @ 1 c2
Event: 0.367 Thread 0x0000024a9484e790 DEOPT PACKING pc=0x0000024aa12f7c78 sp=0x000000f3089fd910
Event: 0.367 Thread 0x0000024a9484e790 DEOPT UNPACKING pc=0x0000024aa0bc69a3 sp=0x000000f3089fd8f0 mode 2
Event: 0.413 Thread 0x0000024a9484e790 Uncommon trap: trap_request=0xffffff54 fr.pc=0x0000024aa1303e5c relative=0x000000000000005c
Event: 0.413 Thread 0x0000024a9484e790 Uncommon trap: reason=speculate_null_assert action=make_not_entrant pc=0x0000024aa1303e5c method=sun.misc.Unsafe.getLong(Ljava/lang/Object;J)J @ 5 c2
Event: 0.413 Thread 0x0000024a9484e790 DEOPT PACKING pc=0x0000024aa1303e5c sp=0x000000f3089ff500
Event: 0.413 Thread 0x0000024a9484e790 DEOPT UNPACKING pc=0x0000024aa0bc69a3 sp=0x000000f3089ff488 mode 2

Classes loaded (20 events):
Event: 0.366 Loading class java/util/stream/TerminalOp done
Event: 0.366 Loading class java/util/stream/FindOps$FindOp done
Event: 0.366 Loading class java/util/OptionalInt
Event: 0.366 Loading class java/util/OptionalInt done
Event: 0.366 Loading class java/util/function/Predicate
Event: 0.366 Loading class java/util/function/Predicate done
Event: 0.366 Loading class java/util/stream/IntPipeline$10$1
Event: 0.366 Loading class java/util/stream/Sink$ChainedInt
Event: 0.366 Loading class java/util/stream/Sink$ChainedInt done
Event: 0.366 Loading class java/util/stream/IntPipeline$10$1 done
Event: 0.366 Loading class java/lang/StringUTF16$CharsSpliterator
Event: 0.366 Loading class java/lang/StringUTF16$CharsSpliterator done
Event: 0.367 Loading class java/lang/CharacterData00
Event: 0.367 Loading class java/lang/CharacterData00 done
Event: 0.371 Loading class java/lang/SecurityException
Event: 0.371 Loading class java/lang/SecurityException done
Event: 0.416 Loading class java/lang/NumberFormatException
Event: 0.416 Loading class java/lang/NumberFormatException done
Event: 0.416 Loading class java/math/BigInteger
Event: 0.416 Loading class java/math/BigInteger done

Classes unloaded (0 events):
No events

Classes redefined (0 events):
No events

Internal exceptions (20 events):
Event: 0.128 Thread 0x0000024a9484e790 Exception <a 'java/lang/NoSuchMethodError'{0x00000004414d34c8}: 'void java.lang.invoke.DirectMethodHandle$Holder.invokeSpecial(java.lang.Object, java.lang.Object, java.lang.Object)'> (0x00000004414d34c8) 
thrown [s\src\hotspot\share\interpreter\linkResolver.cpp, line 759]
Event: 0.130 Thread 0x0000024a9484e790 Exception <a 'java/lang/NoSuchMethodError'{0x00000004414e6af0}: 'java.lang.Object java.lang.invoke.DirectMethodHandle$Holder.invokeStatic(java.lang.Object, java.lang.Object, int)'> (0x00000004414e6af0) 
thrown [s\src\hotspot\share\interpreter\linkResolver.cpp, line 759]
Event: 0.131 Thread 0x0000024a9484e790 Exception <a 'java/lang/NoSuchMethodError'{0x00000004414f2860}: 'void java.lang.invoke.DelegatingMethodHandle$Holder.delegate(java.lang.Object, java.lang.Object, int, java.lang.Object)'> (0x00000004414f2860) 
thrown [s\src\hotspot\share\interpreter\linkResolver.cpp, line 759]
Event: 0.131 Thread 0x0000024a9484e790 Exception <a 'java/lang/NoSuchMethodError'{0x00000004414f6aa0}: 'int java.lang.invoke.DirectMethodHandle$Holder.invokeSpecial(java.lang.Object, java.lang.Object, java.lang.Object)'> (0x00000004414f6aa0) 
thrown [s\src\hotspot\share\interpreter\linkResolver.cpp, line 759]
Event: 0.147 Thread 0x0000024a9484e790 Exception <a 'sun/nio/fs/WindowsException'{0x0000000441550910}> (0x0000000441550910) 
thrown [s\src\hotspot\share\prims\jni.cpp, line 516]
Event: 0.147 Thread 0x0000024a9484e790 Exception <a 'sun/nio/fs/WindowsException'{0x0000000441550e50}> (0x0000000441550e50) 
thrown [s\src\hotspot\share\prims\jni.cpp, line 516]
Event: 0.170 Thread 0x0000024a9484e790 Exception <a 'java/lang/NoSuchMethodError'{0x0000000441644a78}: 'int java.lang.invoke.DirectMethodHandle$Holder.invokeStaticInit(java.lang.Object, java.lang.Object, int, long)'> (0x0000000441644a78) 
thrown [s\src\hotspot\share\interpreter\linkResolver.cpp, line 759]
Event: 0.171 Thread 0x0000024a9484e790 Exception <a 'java/lang/NoSuchMethodError'{0x000000044164a340}: 'java.lang.Object java.lang.invoke.DirectMethodHandle$Holder.newInvokeSpecial(java.lang.Object, java.lang.Object, int)'> (0x000000044164a340) 
thrown [s\src\hotspot\share\interpreter\linkResolver.cpp, line 759]
Event: 0.171 Thread 0x0000024a9484e790 Exception <a 'java/lang/NoSuchMethodError'{0x0000000441659338}: 'int java.lang.invoke.DirectMethodHandle$Holder.invokeStaticInit(java.lang.Object, java.lang.Object, long, long)'> (0x0000000441659338) 
thrown [s\src\hotspot\share\interpreter\linkResolver.cpp, line 759]
Event: 0.172 Thread 0x0000024a9484e790 Exception <a 'java/lang/NoSuchMethodError'{0x000000044165f448}: 'java.lang.Object java.lang.invoke.DirectMethodHandle$Holder.newInvokeSpecial(java.lang.Object, java.lang.Object, long)'> (0x000000044165f448) 
thrown [s\src\hotspot\share\interpreter\linkResolver.cpp, line 759]
Event: 0.172 Thread 0x0000024a9484e790 Exception <a 'java/lang/NoSuchMethodError'{0x0000000441663490}: 'java.lang.Object java.lang.invoke.Invokers$Holder.linkToTargetMethod(java.lang.Object, long, java.lang.Object)'> (0x0000000441663490) 
thrown [s\src\hotspot\share\interpreter\linkResolver.cpp, line 759]
Event: 0.172 Thread 0x0000024a9484e790 Exception <a 'java/lang/NoSuchMethodError'{0x000000044166aba8}: 'int java.lang.invoke.DirectMethodHandle$Holder.invokeStaticInit(java.lang.Object, java.lang.Object, java.lang.Object, long)'> (0x000000044166aba8) 
thrown [s\src\hotspot\share\interpreter\linkResolver.cpp, line 759]
Event: 0.180 Thread 0x0000024a9484e790 Exception <a 'sun/nio/fs/WindowsException'{0x00000004416d7788}> (0x00000004416d7788) 
thrown [s\src\hotspot\share\prims\jni.cpp, line 516]
Event: 0.180 Thread 0x0000024a9484e790 Exception <a 'sun/nio/fs/WindowsException'{0x00000004416d7b10}> (0x00000004416d7b10) 
thrown [s\src\hotspot\share\prims\jni.cpp, line 516]
Event: 0.191 Thread 0x0000024a9484e790 Exception <a 'sun/nio/fs/WindowsException'{0x000000044177e050}> (0x000000044177e050) 
thrown [s\src\hotspot\share\prims\jni.cpp, line 516]
Event: 0.191 Thread 0x0000024a9484e790 Exception <a 'sun/nio/fs/WindowsException'{0x000000044177e3a8}> (0x000000044177e3a8) 
thrown [s\src\hotspot\share\prims\jni.cpp, line 516]
Event: 0.315 Thread 0x0000024a9484e790 Exception <a 'sun/nio/fs/WindowsException'{0x00000004417efe70}> (0x00000004417efe70) 
thrown [s\src\hotspot\share\prims\jni.cpp, line 516]
Event: 0.315 Thread 0x0000024a9484e790 Exception <a 'sun/nio/fs/WindowsException'{0x00000004417f0200}> (0x00000004417f0200) 
thrown [s\src\hotspot\share\prims\jni.cpp, line 516]
Event: 0.317 Thread 0x0000024a9484e790 Exception <a 'sun/nio/fs/WindowsException'{0x0000000440804218}> (0x0000000440804218) 
thrown [s\src\hotspot\share\prims\jni.cpp, line 516]
Event: 0.317 Thread 0x0000024a9484e790 Exception <a 'sun/nio/fs/WindowsException'{0x00000004408044e8}> (0x00000004408044e8) 
thrown [s\src\hotspot\share\prims\jni.cpp, line 516]

VM Operations (12 events):
Event: 0.071 Executing VM operation: HandshakeAllThreads
Event: 0.071 Executing VM operation: HandshakeAllThreads done
Event: 0.130 Executing VM operation: HandshakeAllThreads
Event: 0.130 Executing VM operation: HandshakeAllThreads done
Event: 0.141 Executing VM operation: HandshakeAllThreads
Event: 0.141 Executing VM operation: HandshakeAllThreads done
Event: 0.156 Executing VM operation: HandshakeAllThreads
Event: 0.156 Executing VM operation: HandshakeAllThreads done
Event: 0.168 Executing VM operation: HandshakeAllThreads
Event: 0.168 Executing VM operation: HandshakeAllThreads done
Event: 0.416 Executing VM operation: HandshakeAllThreads
Event: 0.416 Executing VM operation: HandshakeAllThreads done

Memory protections (0 events):
No events

Nmethod flushes (0 events):
No events

Events (17 events):
Event: 0.015 Thread 0x0000024a9484e790 Thread added: 0x0000024a9484e790
Event: 0.019 Thread 0x0000024a9484e790 Thread added: 0x0000024ad2c2b010
Event: 0.019 Thread 0x0000024a9484e790 Thread added: 0x0000024ad2c165b0
Event: 0.026 Thread 0x0000024a9484e790 Thread added: 0x0000024ad2c58340
Event: 0.026 Thread 0x0000024a9484e790 Thread added: 0x0000024ad2c59d20
Event: 0.026 Thread 0x0000024a9484e790 Thread added: 0x0000024ad2c5c600
Event: 0.026 Thread 0x0000024a9484e790 Thread added: 0x0000024ad2c5dee0
Event: 0.026 Thread 0x0000024a9484e790 Thread added: 0x0000024ad2c62af0
Event: 0.026 Thread 0x0000024a9484e790 Thread added: 0x0000024ad2c6edd0
Event: 0.026 Thread 0x0000024a9484e790 Thread added: 0x0000024ad2c73700
Event: 0.051 Thread 0x0000024ad2c6edd0 Thread added: 0x0000024ad2de06b0
Event: 0.051 Thread 0x0000024ad2c6edd0 Thread added: 0x0000024ad7020090
Event: 0.052 Thread 0x0000024ad7020090 Thread added: 0x0000024ad70215c0
Event: 0.053 Thread 0x0000024a9484e790 Thread added: 0x0000024ad7055640
Event: 0.061 Thread 0x0000024a9484e790 Thread added: 0x0000024ad7052490
Event: 0.085 Thread 0x0000024ad7020090 Thread added: 0x0000024ad72063a0
Event: 0.085 Thread 0x0000024ad7020090 Thread added: 0x0000024ad7241090


Dynamic libraries:
0x00007ff7c0e50000 - 0x00007ff7c0e5e000 	C:\Users\andy\.vscode\extensions\redhat.java-1.36.0-win32-x64\jre\17.0.13-win32-x86_64\bin\java.exe
0x00007ffcbead0000 - 0x00007ffcbece7000 	C:\Windows\SYSTEM32\ntdll.dll
0x00007ffcbda00000 - 0x00007ffcbdac4000 	C:\Windows\System32\KERNEL32.DLL
0x00007ffcbc1f0000 - 0x00007ffcbc5a7000 	C:\Windows\System32\KERNELBASE.dll
0x000000005ff90000 - 0x00000000602c1000 	C:\Program Files\Norton Security\NortonData\22.23.5.106\Definitions\IPSDefs\20230928.066\IPSEng64.dll
0x00007ffcbe950000 - 0x00007ffcbea02000 	C:\Windows\System32\ADVAPI32.dll
0x00007ffcbe3a0000 - 0x00007ffcbe447000 	C:\Windows\System32\msvcrt.dll
0x00007ffcbdb60000 - 0x00007ffcbdc08000 	C:\Windows\System32\sechost.dll
0x00007ffcbc1c0000 - 0x00007ffcbc1e8000 	C:\Windows\System32\bcrypt.dll
0x00007ffcbcc90000 - 0x00007ffcbcda4000 	C:\Windows\System32\RPCRT4.dll
0x00007ffcbcad0000 - 0x00007ffcbcad8000 	C:\Windows\System32\PSAPI.DLL
0x00007ffcbbe10000 - 0x00007ffcbbf21000 	C:\Windows\System32\ucrtbase.dll
0x00007ffc8fe20000 - 0x00007ffc8fe37000 	C:\Users\andy\.vscode\extensions\redhat.java-1.36.0-win32-x64\jre\17.0.13-win32-x86_64\bin\jli.dll
0x00007ffca8950000 - 0x00007ffca896e000 	C:\Users\andy\.vscode\extensions\redhat.java-1.36.0-win32-x64\jre\17.0.13-win32-x86_64\bin\VCRUNTIME140.dll
0x00007ffcbdda0000 - 0x00007ffcbdf4f000 	C:\Windows\System32\USER32.dll
0x00007ffca82b0000 - 0x00007ffca8543000 	C:\Windows\WinSxS\amd64_microsoft.windows.common-controls_6595b64144ccf1df_6.0.22621.3672_none_2713b9d173822955\COMCTL32.dll
0x00007ffcbbde0000 - 0x00007ffcbbe06000 	C:\Windows\System32\win32u.dll
0x00007ffcbdc70000 - 0x00007ffcbdc99000 	C:\Windows\System32\GDI32.dll
0x00007ffcbbf30000 - 0x00007ffcbc048000 	C:\Windows\System32\gdi32full.dll
0x00007ffcbc6a0000 - 0x00007ffcbc73a000 	C:\Windows\System32\msvcp_win.dll
0x00007ffcbd9b0000 - 0x00007ffcbd9e1000 	C:\Windows\System32\IMM32.DLL
0x00007ffcb5800000 - 0x00007ffcb580c000 	C:\Users\andy\.vscode\extensions\redhat.java-1.36.0-win32-x64\jre\17.0.13-win32-x86_64\bin\vcruntime140_1.dll
0x00007ffc70fd0000 - 0x00007ffc7105d000 	C:\Users\andy\.vscode\extensions\redhat.java-1.36.0-win32-x64\jre\17.0.13-win32-x86_64\bin\msvcp140.dll
0x00007ffbfe200000 - 0x00007ffbfee6b000 	C:\Users\andy\.vscode\extensions\redhat.java-1.36.0-win32-x64\jre\17.0.13-win32-x86_64\bin\server\jvm.dll
0x00007ffcbea10000 - 0x00007ffcbea81000 	C:\Windows\System32\WS2_32.dll
0x00007ffcbac50000 - 0x00007ffcbac9d000 	C:\Windows\SYSTEM32\POWRPROF.dll
0x00007ffcb4cc0000 - 0x00007ffcb4cca000 	C:\Windows\SYSTEM32\VERSION.dll
0x00007ffcb3c50000 - 0x00007ffcb3c84000 	C:\Windows\SYSTEM32\WINMM.dll
0x00007ffcbac30000 - 0x00007ffcbac43000 	C:\Windows\SYSTEM32\UMPDC.dll
0x00007ffcbaee0000 - 0x00007ffcbaef8000 	C:\Windows\SYSTEM32\kernel.appcore.dll
0x00007ffcb3200000 - 0x00007ffcb320a000 	C:\Users\andy\.vscode\extensions\redhat.java-1.36.0-win32-x64\jre\17.0.13-win32-x86_64\bin\jimage.dll
0x00007ffcaa000000 - 0x00007ffcaa232000 	C:\Windows\SYSTEM32\DBGHELP.DLL
0x00007ffcbd620000 - 0x00007ffcbd9ae000 	C:\Windows\System32\combase.dll
0x00007ffcbe240000 - 0x00007ffcbe317000 	C:\Windows\System32\OLEAUT32.dll
0x00007ffca31a0000 - 0x00007ffca31d2000 	C:\Windows\SYSTEM32\dbgcore.DLL
0x00007ffcbc5b0000 - 0x00007ffcbc62b000 	C:\Windows\System32\bcryptPrimitives.dll
0x00007ffc8fdf0000 - 0x00007ffc8fe15000 	C:\Users\andy\.vscode\extensions\redhat.java-1.36.0-win32-x64\jre\17.0.13-win32-x86_64\bin\java.dll
0x00007ffc82b80000 - 0x00007ffc82b98000 	C:\Users\andy\.vscode\extensions\redhat.java-1.36.0-win32-x64\jre\17.0.13-win32-x86_64\bin\zip.dll
0x00007ffcbcdb0000 - 0x00007ffcbd619000 	C:\Windows\System32\SHELL32.dll
0x00007ffcb9d10000 - 0x00007ffcba60f000 	C:\Windows\SYSTEM32\windows.storage.dll
0x00007ffcb9bd0000 - 0x00007ffcb9d0f000 	C:\Windows\SYSTEM32\wintypes.dll
0x00007ffcbe110000 - 0x00007ffcbe209000 	C:\Windows\System32\SHCORE.dll
0x00007ffcbe0b0000 - 0x00007ffcbe10e000 	C:\Windows\System32\shlwapi.dll
0x00007ffcbbd10000 - 0x00007ffcbbd37000 	C:\Windows\SYSTEM32\profapi.dll
0x00007ffcb35a0000 - 0x00007ffcb35b9000 	C:\Users\andy\.vscode\extensions\redhat.java-1.36.0-win32-x64\jre\17.0.13-win32-x86_64\bin\net.dll
0x00007ffcb4a50000 - 0x00007ffcb4b86000 	C:\Windows\SYSTEM32\WINHTTP.dll
0x00007ffcbb340000 - 0x00007ffcbb3a9000 	C:\Windows\system32\mswsock.dll
0x00007ffca8c30000 - 0x00007ffca8c46000 	C:\Users\andy\.vscode\extensions\redhat.java-1.36.0-win32-x64\jre\17.0.13-win32-x86_64\bin\nio.dll
0x00007ffcb3590000 - 0x00007ffcb35a0000 	C:\Users\andy\.vscode\extensions\redhat.java-1.36.0-win32-x64\jre\17.0.13-win32-x86_64\bin\verify.dll
0x00007ffc91000000 - 0x00007ffc9107b000 	C:\Users\andy\AppData\Local\Temp\lwjgl_andy\3.3.4+7\x64\lwjgl.dll
0x00007ffc3f4c0000 - 0x00007ffc3f731000 	C:\Users\andy\AppData\Local\Temp\lwjgl_andy\3.3.4+7\x64\jemalloc.dll
0x00007ffc90f70000 - 0x00007ffc90ff5000 	C:\Users\andy\AppData\Local\Temp\lwjgl_andy\3.3.4+7\x64\glfw.dll
0x00007ffca72b0000 - 0x00007ffca72f6000 	C:\Windows\SYSTEM32\dinput8.dll
0x00007ffc66aa0000 - 0x00007ffc66ab1000 	C:\Windows\SYSTEM32\xinput1_4.dll
0x00007ffcbbaf0000 - 0x00007ffcbbb3e000 	C:\Windows\SYSTEM32\cfgmgr32.dll
0x00007ffcbbaa0000 - 0x00007ffcbbacc000 	C:\Windows\SYSTEM32\DEVOBJ.dll
0x00007ffcb94a0000 - 0x00007ffcb94cb000 	C:\Windows\SYSTEM32\dwmapi.dll
0x00007ffca9180000 - 0x00007ffca9393000 	C:\Windows\SYSTEM32\inputhost.dll
0x00007ffcb8aa0000 - 0x00007ffcb8bd3000 	C:\Windows\SYSTEM32\CoreMessaging.dll
0x00007ffcb9250000 - 0x00007ffcb9301000 	C:\Windows\system32\uxtheme.dll
0x00007ffcbdf50000 - 0x00007ffcbe0b0000 	C:\Windows\System32\MSCTF.dll
0x00007ffcbb540000 - 0x00007ffcbb54c000 	C:\Windows\SYSTEM32\CRYPTBASE.DLL
0x00007ffc58c20000 - 0x00007ffc58d20000 	C:\Windows\SYSTEM32\opengl32.dll
0x00007ffc64460000 - 0x00007ffc6448d000 	C:\Windows\SYSTEM32\GLU32.dll
0x00007ffcb9510000 - 0x00007ffcb9547000 	C:\Windows\SYSTEM32\dxcore.dll
0x00007ffcbc800000 - 0x00007ffcbc8b0000 	C:\Windows\System32\clbcatq.dll
0x00007ffc558b0000 - 0x00007ffc57e98000 	C:\Windows\System32\DriverStore\FileRepository\nvmdsi.inf_amd64_0642250b90f6773e\nvoglv64.dll
0x00007ffcbe4a0000 - 0x00007ffcbe914000 	C:\Windows\System32\SETUPAPI.dll
0x00007ffcbcae0000 - 0x00007ffcbcc85000 	C:\Windows\System32\ole32.dll
0x00007ffcbaca0000 - 0x00007ffcbacb4000 	C:\Windows\SYSTEM32\WTSAPI32.dll
0x00007ffcbba80000 - 0x00007ffcbba92000 	C:\Windows\SYSTEM32\msasn1.dll
0x00007ffcb3620000 - 0x00007ffcb3652000 	C:\Windows\SYSTEM32\cryptnet.dll
0x00007ffcbc050000 - 0x00007ffcbc1b6000 	C:\Windows\System32\CRYPT32.dll
0x00007ffcbb640000 - 0x00007ffcbb689000 	C:\Windows\SYSTEM32\wldp.dll
0x00007ffcb32e0000 - 0x00007ffcb3442000 	C:\Windows\SYSTEM32\drvstore.dll
0x00007ffcbc630000 - 0x00007ffcbc69c000 	C:\Windows\System32\WINTRUST.dll
0x00007ffcbaff0000 - 0x00007ffcbb024000 	C:\Windows\SYSTEM32\ntmarta.dll
0x00007ffcbe210000 - 0x00007ffcbe22f000 	C:\Windows\System32\imagehlp.dll
0x00007ffcbb5e0000 - 0x00007ffcbb5fb000 	C:\Windows\SYSTEM32\CRYPTSP.dll
0x00007ffcbae40000 - 0x00007ffcbae75000 	C:\Windows\system32\rsaenh.dll
0x00007ffcb11c0000 - 0x00007ffcb31ae000 	C:\Windows\System32\DriverStore\FileRepository\nvmdsi.inf_amd64_0642250b90f6773e\nvgpucomp64.dll
0x00007ffc635b0000 - 0x00007ffc63880000 	C:\Windows\system32\nvspcap64.dll
0x00007ffcba860000 - 0x00007ffcba8c6000 	C:\Windows\SYSTEM32\WINSTA.dll
0x00007ffc96560000 - 0x00007ffc966a3000 	C:\Windows\SYSTEM32\textinputframework.dll
0x00007ffcb6910000 - 0x00007ffcb6c7d000 	C:\Windows\SYSTEM32\CoreUIComponents.dll
0x00007ffc90f00000 - 0x00007ffc90f61000 	C:\Users\andy\AppData\Local\Temp\lwjgl_andy\3.3.4+7\x64\lwjgl_opengl.dll

dbghelp: loaded successfully - version: 4.0.5 - missing functions: none
symbol engine: initialized successfully - sym options: 0x614 - pdb path: .;C:\Users\andy\.vscode\extensions\redhat.java-1.36.0-win32-x64\jre\17.0.13-win32-x86_64\bin;C:\Windows\SYSTEM32;C:\Program Files\Norton Security\NortonData\22.23.5.106\Definitions\IPSDefs\20230928.066;C:\Windows\WinSxS\amd64_microsoft.windows.common-controls_6595b64144ccf1df_6.0.22621.3672_none_2713b9d173822955;C:\Users\andy\.vscode\extensions\redhat.java-1.36.0-win32-x64\jre\17.0.13-win32-x86_64\bin\server;C:\Users\andy\AppData\Local\Temp\lwjgl_andy\3.3.4+7\x64;C:\Windows\System32\DriverStore\FileRepository\nvmdsi.inf_amd64_0642250b90f6773e

VM Arguments:
jvm_args: -XX:+ShowCodeDetailsInExceptionMessages 
java_command: com.example.Main
java_class_path (initial): C:\Users\andy\OneDrive - York St John University\Code\Java-LWJGL\lwjgl-transformations\core\target\classes;C:\Users\andy\.m2\repository\org\lwjgl\lwjgl\3.3.4\lwjgl-3.3.4.jar;C:\Users\andy\.m2\repository\org\lwjgl\lwjgl-assimp\3.3.4\lwjgl-assimp-3.3.4.jar;C:\Users\andy\.m2\repository\org\lwjgl\lwjgl-bgfx\3.3.4\lwjgl-bgfx-3.3.4.jar;C:\Users\andy\.m2\repository\org\lwjgl\lwjgl-cuda\3.3.4\lwjgl-cuda-3.3.4.jar;C:\Users\andy\.m2\repository\org\lwjgl\lwjgl-egl\3.3.4\lwjgl-egl-3.3.4.jar;C:\Users\andy\.m2\repository\org\lwjgl\lwjgl-fmod\3.3.4\lwjgl-fmod-3.3.4.jar;C:\Users\andy\.m2\repository\org\lwjgl\lwjgl-freetype\3.3.4\lwjgl-freetype-3.3.4.jar;C:\Users\andy\.m2\repository\org\lwjgl\lwjgl-glfw\3.3.4\lwjgl-glfw-3.3.4.jar;C:\Users\andy\.m2\repository\org\lwjgl\lwjgl-harfbuzz\3.3.4\lwjgl-harfbuzz-3.3.4.jar;C:\Users\andy\.m2\repository\org\lwjgl\lwjgl-hwloc\3.3.4\lwjgl-hwloc-3.3.4.jar;C:\Users\andy\.m2\repository\org\lwjgl\lwjgl-jawt\3.3.4\lwjgl-jawt-3.3.4.jar;C:\Users\andy\.m2\repository\org\lwjgl\lwjgl-jemalloc\3.3.4\lwjgl-jemalloc-3.3.4.jar;C:\Users\andy\.m2\repository\org\lwjgl\lwjgl-ktx\3.3.4\lwjgl-ktx-3.3.4.jar;C:\Users\andy\.m2\repository\org\lwjgl\lwjgl-libdivide\3.3.4\lwjgl-libdivide-3.3.4.jar;C:\Users\andy\.m2\repository\org\lwjgl\lwjgl-llvm\3.3.4\lwjgl-llvm-3.3.4.jar;C:\Users\andy\.m2\repository\org\lwjgl\lwjgl-lmdb\3.3.4\lwjgl-lmdb-3.3.4.jar;C:\Users\andy\.m2\repository\org\lwjgl\lwjgl-lz4\3.3.4\lwjgl-lz4-3.3.4.jar;C:\Users\andy\.m2\repository\org\lwjgl\lwjgl-meow\3.3.4\lwjgl-meow-3.3.4.jar;C:\Users\andy\.m2\repository\org\lwjgl\lwjgl-meshoptimizer\3.3.4\lwjgl-meshoptimizer-3.3.4.jar;C:\Users\andy\.m2\repository\org\lwjgl\lwjgl-msdfgen\3.3.4\lwjgl-msdfgen-3.3.4.jar;C:\Users\andy\.m2\repository\org\lwjgl\lwjgl-nanovg\3.3.4\lwjgl-nanovg-3.3.4.jar;C:\Users\andy\.m2\repository\org\lwjgl\lwjgl-nfd\3.3.4\lwjgl-nfd-3.3.4.jar;C:\Users\andy\.m2\repository\org\lwjgl\lwjgl-nuklear\3.3.4\lwjgl-nuklear-3.3.4.jar;C:\Users\andy\.m2\repository\org\lwjg
Launcher Type: SUN_STANDARD

[Global flags]
     intx CICompilerCount                          = 12                                        {product} {ergonomic}
     uint ConcGCThreads                            = 5                                         {product} {ergonomic}
     uint G1ConcRefinementThreads                  = 18                                        {product} {ergonomic}
   size_t G1HeapRegionSize                         = 8388608                                   {product} {ergonomic}
    uintx GCDrainStackTargetSize                   = 64                                        {product} {ergonomic}
   size_t InitialHeapSize                          = 1073741824                                {product} {ergonomic}
   size_t MarkStackSize                            = 4194304                                   {product} {ergonomic}
   size_t MaxHeapSize                              = 17146314752                               {product} {ergonomic}
   size_t MaxNewSize                               = 10284433408                               {product} {ergonomic}
   size_t MinHeapDeltaBytes                        = 8388608                                   {product} {ergonomic}
   size_t MinHeapSize                              = 8388608                                   {product} {ergonomic}
    uintx NonNMethodCodeHeapSize                   = 7602480                                {pd product} {ergonomic}
    uintx NonProfiledCodeHeapSize                  = 122027880                              {pd product} {ergonomic}
    uintx ProfiledCodeHeapSize                     = 122027880                              {pd product} {ergonomic}
    uintx ReservedCodeCacheSize                    = 251658240                              {pd product} {ergonomic}
     bool SegmentedCodeCache                       = true                                      {product} {ergonomic}
     bool ShowCodeDetailsInExceptionMessages       = true                                   {manageable} {command line}
   size_t SoftMaxHeapSize                          = 17146314752                            {manageable} {ergonomic}
     bool UseCompressedClassPointers               = true                           {product lp64_product} {ergonomic}
     bool UseCompressedOops                        = true                           {product lp64_product} {ergonomic}
     bool UseG1GC                                  = true                                      {product} {ergonomic}
     bool UseLargePagesIndividualAllocation        = false                                  {pd product} {ergonomic}

Logging:
Log output configuration:
 #0: stdout all=warning uptime,level,tags
 #1: stderr all=off uptime,level,tags

Environment Variables:
JAVA_HOME=c:\Program Files\Java\jdk-23
CLASSPATH=E:\Code\jogl\jogamp-all-platforms\jar;E:\Code\joml
PATH=c:\Program Files\Java\jdk-23;C:\Windows\system32;C:\Windows;C:\Windows\System32\Wbem;C:\Windows\System32\WindowsPowerShell\v1.0\;C:\Windows\System32\OpenSSH\;C:\Program Files\dotnet\;C:\Program Files (x86)\NVIDIA Corporation\PhysX\Common;C:\Program Files\NVIDIA Corporation\NVIDIA NvDLISR;C:\Program Files\Git\cmd;C:\Program Files\Graphviz\bin;C:\Program Files\Calibre2\;c:\Maven\\bin;c:\Program Files\Java\jdk-23\bin;C:\Users\andy\AppData\Local\Programs\Python\Python312\Scripts\;C:\Users\andy\AppData\Local\Programs\Python\Python312\;C:\Users\andy\AppData\Local\Microsoft\WindowsApps;C:\Users\andy\AppData\Local\Programs\Microsoft VS Code\bin;c:\Program Files\Java\jdk-23\bin;C:\Maven\bin;
USERNAME=andy
LANG=en_US.UTF-8
OS=Windows_NT
PROCESSOR_IDENTIFIER=Intel64 Family 6 Model 183 Stepping 1, GenuineIntel
TMP=C:\Users\andy\AppData\Local\Temp
TEMP=C:\Users\andy\AppData\Local\Temp



Periodic native trim disabled


---------------  S Y S T E M  ---------------

OS:
 Windows 11 , 64 bit Build 22621 (10.0.22621.3958)
OS uptime: 12 days 17:57 hours
Hyper-V role detected

CPU: total 24 (initial active 24) (12 cores per cpu, 2 threads per core) family 6 model 183 stepping 1 microcode 0x115, cx8, cmov, fxsr, ht, mmx, 3dnowpref, sse, sse2, sse3, ssse3, sse4.1, sse4.2, popcnt, lzcnt, tsc, tscinvbit, avx, avx2, aes, erms, clmul, bmi1, bmi2, adx, sha, fma, vzeroupper, clflush, clflushopt, clwb, hv
Processor Information for processor 0
  Max Mhz: 3400, Current Mhz: 3400, Mhz Limit: 3400
Processor Information for processor 1
  Max Mhz: 3400, Current Mhz: 3400, Mhz Limit: 3400
Processor Information for processor 2
  Max Mhz: 3400, Current Mhz: 3400, Mhz Limit: 3400
Processor Information for processor 3
  Max Mhz: 3400, Current Mhz: 3400, Mhz Limit: 3400
Processor Information for processor 4
  Max Mhz: 3400, Current Mhz: 3400, Mhz Limit: 3400
Processor Information for processor 5
  Max Mhz: 3400, Current Mhz: 3400, Mhz Limit: 3400
Processor Information for processor 6
  Max Mhz: 3400, Current Mhz: 3400, Mhz Limit: 3400
Processor Information for processor 7
  Max Mhz: 3400, Current Mhz: 3400, Mhz Limit: 3400
Processor Information for processor 8
  Max Mhz: 3400, Current Mhz: 3400, Mhz Limit: 3400
Processor Information for processor 9
  Max Mhz: 3400, Current Mhz: 3400, Mhz Limit: 3400
Processor Information for processor 10
  Max Mhz: 3400, Current Mhz: 3400, Mhz Limit: 3400
Processor Information for processor 11
  Max Mhz: 3400, Current Mhz: 3400, Mhz Limit: 3400
Processor Information for processor 12
  Max Mhz: 3400, Current Mhz: 3400, Mhz Limit: 3400
Processor Information for processor 13
  Max Mhz: 3400, Current Mhz: 3400, Mhz Limit: 3400
Processor Information for processor 14
  Max Mhz: 3400, Current Mhz: 3400, Mhz Limit: 3400
Processor Information for processor 15
  Max Mhz: 3400, Current Mhz: 3400, Mhz Limit: 3400
Processor Information for processor 16
  Max Mhz: 3400, Current Mhz: 2600, Mhz Limit: 2584
Processor Information for processor 17
  Max Mhz: 3400, Current Mhz: 2600, Mhz Limit: 2584
Processor Information for processor 18
  Max Mhz: 3400, Current Mhz: 2600, Mhz Limit: 2584
Processor Information for processor 19
  Max Mhz: 3400, Current Mhz: 2600, Mhz Limit: 2584
Processor Information for processor 20
  Max Mhz: 3400, Current Mhz: 2600, Mhz Limit: 2584
Processor Information for processor 21
  Max Mhz: 3400, Current Mhz: 2600, Mhz Limit: 2584
Processor Information for processor 22
  Max Mhz: 3400, Current Mhz: 2600, Mhz Limit: 2584
Processor Information for processor 23
  Max Mhz: 3400, Current Mhz: 2600, Mhz Limit: 2584

Memory: 4k page, system-wide physical 65384M (50949M free)
TotalPageFile size 69480M (AvailPageFile size 47539M)
current process WorkingSet (physical memory assigned to process): 119M, peak: 119M
current process commit charge ("private bytes"): 1277M, peak: 1277M

vm_info: OpenJDK 64-Bit Server VM (17.0.13+11) for windows-amd64 JRE (17.0.13+11), built on Oct 16 2024 00:10:08 by "admin" with MS VC++ 17.7 (VS2022)

END.
